[ERROR] Tests run: 2, Failures: 2, Errors: 0, Skipped: 0, Time elapsed: 0.093 s <<< FAILURE! - in com.stackroute.EmployeeTest
[ERROR] addEmployeeEmailId(com.stackroute.EmployeeTest)  Time elapsed: 0.03 s  <<< FAILURE!
java.lang.AssertionError: expected:<success1> but was:<null>
	at com.stackroute.EmployeeTest.addEmployeeEmailId(EmployeeTest.java:13)

[ERROR] addEmployeeEmailId2(com.stackroute.EmployeeTest)  Time elapsed: 0.002 s  <<< FAILURE!
java.lang.AssertionError: expected:<success2> but was:<null>
	at com.stackroute.EmployeeTest.addEmployeeEmailId2(EmployeeTest.java:20)

[ERROR] Failures: 
[ERROR]   EmployeeTest.addEmployeeEmailId:13 expected:<success1> but was:<null>
[ERROR]   EmployeeTest.addEmployeeEmailId2:20 expected:<success2> but was:<null>
[ERROR] Tests run: 2, Failures: 2, Errors: 0, Skipped: 0
[ERROR] Failed to execute goal org.apache.maven.plugins:maven-surefire-plugin:2.22.1:test (default-test) on project execution-engine: There are test failures.
[ERROR] 
[ERROR] Please refer to /home/user/Documents/Mashup/js_complete/executionengine/target/surefire-reports for the individual test results.
[ERROR] Please refer to dump files (if any exist) [date].dump, [date]-jvmRun[N].dump and [date].dumpstream.
[ERROR] -> [Help 1]
[ERROR] 
[ERROR] To see the full stack trace of the errors, re-run Maven with the -e switch.
[ERROR] Re-run Maven using the -X switch to enable full debug logging.
[ERROR] 
[ERROR] For more information about the errors and possible solutions, please read the following articles:
[ERROR] [Help 1] http://cwiki.apache.org/confluence/display/MAVEN/MojoFailureException

